c:\users\mattc\desktop\joycon-driver\joycon-driver\intermediate\win32\debug\vc141.pdb
c:\users\mattc\desktop\joycon-driver\joycon-driver\intermediate\win32\debug\vc141.idb
c:\users\mattc\desktop\joycon-driver\joycon-driver\intermediate\win32\debug\main.obj
c:\users\mattc\desktop\joycon-driver\joycon-driver\build\win32\debug\joycon-driver.ilk
c:\users\mattc\desktop\joycon-driver\joycon-driver\build\win32\debug\joycon-driver.exe
c:\users\mattc\desktop\joycon-driver\joycon-driver\build\win32\debug\joycon-driver.pdb
c:\users\mattc\desktop\joycon-driver\joycon-driver\intermediate\win32\debug\attach_devices.obj
c:\users\mattc\desktop\joycon-driver\joycon-driver\intermediate\win32\debug\calibration.obj
c:\users\mattc\desktop\joycon-driver\joycon-driver\intermediate\win32\debug\controllers.obj
c:\users\mattc\desktop\joycon-driver\joycon-driver\intermediate\win32\debug\demo-old.obj
c:\users\mattc\desktop\joycon-driver\joycon-driver\intermediate\win32\debug\hidapi_demo.obj
c:\users\mattc\desktop\joycon-driver\joycon-driver\intermediate\win32\debug\hidtest.obj
c:\users\mattc\desktop\joycon-driver\joycon-driver\intermediate\win32\debug\joycon_input.obj
c:\users\mattc\desktop\joycon-driver\joycon-driver\intermediate\win32\debug\main2.obj
c:\users\mattc\desktop\joycon-driver\joycon-driver\intermediate\win32\debug\mapping.obj
c:\users\mattc\desktop\joycon-driver\joycon-driver\intermediate\win32\debug\uinput_keys.obj
c:\users\mattc\desktop\joycon-driver\joycon-driver\intermediate\win32\debug\vjoyclient.obj
c:\users\mattc\desktop\joycon-driver\joycon-driver\intermediate\win32\debug\hidapi_demo.obj.enc
c:\users\mattc\desktop\joycon-driver\\joycon-driver\build\win32\debug\joycon-driver.pdb
c:\users\mattc\desktop\joycon-driver\\joycon-driver\build\win32\debug\joycon-driver.exe
c:\users\mattc\desktop\joycon-driver\\joycon-driver\build\win32\debug\joycon-driver.ilk
c:\users\mattc\desktop\joycon-driver\joycon-driver\intermediate\win32\debug\joycon-driver.tlog\cl.command.1.tlog
c:\users\mattc\desktop\joycon-driver\joycon-driver\intermediate\win32\debug\joycon-driver.tlog\cl.read.1.tlog
c:\users\mattc\desktop\joycon-driver\joycon-driver\intermediate\win32\debug\joycon-driver.tlog\cl.write.1.tlog
c:\users\mattc\desktop\joycon-driver\joycon-driver\intermediate\win32\debug\joycon-driver.tlog\link.command.1.tlog
c:\users\mattc\desktop\joycon-driver\joycon-driver\intermediate\win32\debug\joycon-driver.tlog\link.read.1.tlog
c:\users\mattc\desktop\joycon-driver\joycon-driver\intermediate\win32\debug\joycon-driver.tlog\link.write.1.tlog
